2022-02-05 23:48:43,558 [main] INFO  com.samsan.xcape.XcapeApplication(logStarting:55) - Starting XcapeApplication using Java 1.8.0_312 on earth.local with PID 810 (/Users/kojoo112/Desktop/git/XCAPE_thymeleaf/Xcape/build/classes/java/main started by kojoo112 in /Users/kojoo112/Desktop/git/XCAPE_thymeleaf)
2022-02-05 23:48:43,572 [main] INFO  com.samsan.xcape.XcapeApplication(logStartupProfileInfo:659) - No active profile set, falling back to default profiles: default
2022-02-05 23:48:44,750 [main] INFO  org.springframework.boot.web.embedded.tomcat.TomcatWebServer(initialize:108) - Tomcat initialized with port(s): 8080 (http)
2022-02-05 23:48:44,833 [main] INFO  org.springframework.boot.web.servlet.context.ServletWebServerApplicationContext(prepareWebApplicationContext:290) - Root WebApplicationContext: initialization completed in 1178 ms
2022-02-05 23:48:45,489 [main] INFO  org.springframework.boot.autoconfigure.web.servlet.WelcomePageHandlerMapping(<init>:57) - Adding welcome page template: index
2022-02-05 23:48:45,709 [main] INFO  org.springframework.boot.web.embedded.tomcat.TomcatWebServer(start:220) - Tomcat started on port(s): 8080 (http) with context path ''
2022-02-05 23:48:45,720 [main] INFO  com.samsan.xcape.XcapeApplication(logStarted:61) - Started XcapeApplication in 2.522 seconds (JVM running for 4.204)
2022-02-05 23:49:00,209 [http-nio-8080-exec-1] INFO  org.springframework.web.servlet.DispatcherServlet(initServletBean:525) - Initializing Servlet 'dispatcherServlet'
2022-02-05 23:49:00,211 [http-nio-8080-exec-1] INFO  org.springframework.web.servlet.DispatcherServlet(initServletBean:547) - Completed initialization in 1 ms
2022-02-05 23:49:03,864 [http-nio-8080-exec-6] INFO  com.samsan.xcape.service.HintServiceImpl(getMerchantList:48) - >>> HintServiceImpl.getMerchantList > 
2022-02-05 23:49:03,873 [http-nio-8080-exec-6] INFO  com.samsan.xcape.service.HintServiceImpl(getThemeList:84) - >>> HintServiceImpl.getThemeList > 
2022-02-05 23:49:04,260 [http-nio-8080-exec-3] INFO  com.samsan.xcape.service.HintServiceImpl(getHintList:28) - >>> HintServiceImpl.getHintList >
2022-02-05 23:49:10,431 [http-nio-8080-exec-2] INFO  com.samsan.xcape.service.HintServiceImpl(getHintList:28) - >>> HintServiceImpl.getHintList >
2022-02-05 23:49:12,564 [http-nio-8080-exec-4] INFO  com.samsan.xcape.service.HintServiceImpl(getHintList:28) - >>> HintServiceImpl.getHintList >
2022-02-05 23:53:15,103 [main] INFO  com.samsan.xcape.XcapeApplication(logStarting:55) - Starting XcapeApplication using Java 1.8.0_312 on earth.local with PID 841 (/Users/kojoo112/Desktop/git/XCAPE_thymeleaf/Xcape/build/classes/java/main started by kojoo112 in /Users/kojoo112/Desktop/git/XCAPE_thymeleaf)
2022-02-05 23:53:15,109 [main] INFO  com.samsan.xcape.XcapeApplication(logStartupProfileInfo:659) - No active profile set, falling back to default profiles: default
2022-02-05 23:53:16,143 [main] INFO  org.springframework.boot.web.embedded.tomcat.TomcatWebServer(initialize:108) - Tomcat initialized with port(s): 8080 (http)
2022-02-05 23:53:16,210 [main] INFO  org.springframework.boot.web.servlet.context.ServletWebServerApplicationContext(prepareWebApplicationContext:290) - Root WebApplicationContext: initialization completed in 1030 ms
2022-02-05 23:53:16,778 [main] INFO  org.springframework.boot.autoconfigure.web.servlet.WelcomePageHandlerMapping(<init>:57) - Adding welcome page template: index
2022-02-05 23:53:17,013 [main] INFO  org.springframework.boot.web.embedded.tomcat.TomcatWebServer(start:220) - Tomcat started on port(s): 8080 (http) with context path ''
2022-02-05 23:53:17,028 [main] INFO  com.samsan.xcape.XcapeApplication(logStarted:61) - Started XcapeApplication in 2.229 seconds (JVM running for 3.109)
2022-02-05 23:53:18,024 [http-nio-8080-exec-1] INFO  org.springframework.web.servlet.DispatcherServlet(initServletBean:525) - Initializing Servlet 'dispatcherServlet'
2022-02-05 23:53:18,026 [http-nio-8080-exec-1] INFO  org.springframework.web.servlet.DispatcherServlet(initServletBean:547) - Completed initialization in 2 ms
2022-02-05 23:53:18,068 [http-nio-8080-exec-1] INFO  com.samsan.xcape.service.HintServiceImpl(getMerchantList:48) - >>> HintServiceImpl.getMerchantList > 
2022-02-05 23:53:18,570 [http-nio-8080-exec-1] INFO  com.samsan.xcape.service.HintServiceImpl(getThemeList:84) - >>> HintServiceImpl.getThemeList > 
2022-02-05 23:53:27,396 [http-nio-8080-exec-6] INFO  com.samsan.xcape.service.HintServiceImpl(getMerchantList:48) - >>> HintServiceImpl.getMerchantList > 
2022-02-05 23:53:27,405 [http-nio-8080-exec-6] INFO  com.samsan.xcape.service.HintServiceImpl(getThemeList:84) - >>> HintServiceImpl.getThemeList > 
2022-02-05 23:53:27,575 [http-nio-8080-exec-2] INFO  com.samsan.xcape.service.HintServiceImpl(getHintList:28) - >>> HintServiceImpl.getHintList >
2022-02-05 23:53:29,165 [http-nio-8080-exec-3] INFO  com.samsan.xcape.service.HintServiceImpl(getHintList:28) - >>> HintServiceImpl.getHintList >
2022-02-05 23:53:39,512 [http-nio-8080-exec-4] INFO  com.samsan.xcape.service.HintServiceImpl(registerHint:64) - >>> HintServiceImpl.registerHint > 
2022-02-05 23:53:39,513 [http-nio-8080-exec-4] INFO  com.samsan.xcape.service.HintServiceImpl(isKeyOverlap:107) - >>> HintServiceImpl.isKeyOverlap > VHF26
2022-02-05 23:53:40,508 [http-nio-8080-exec-5] INFO  com.samsan.xcape.service.HintServiceImpl(getHintList:28) - >>> HintServiceImpl.getHintList >
2022-02-06 00:12:17,996 [main] INFO  com.samsan.xcape.XcapeApplication(logStarting:55) - Starting XcapeApplication using Java 1.8.0_312 on earth.local with PID 1214 (/Users/kojoo112/Desktop/git/XCAPE_thymeleaf/Xcape/build/classes/java/main started by kojoo112 in /Users/kojoo112/Desktop/git/XCAPE_thymeleaf)
2022-02-06 00:12:18,003 [main] INFO  com.samsan.xcape.XcapeApplication(logStartupProfileInfo:659) - No active profile set, falling back to default profiles: default
2022-02-06 00:12:19,132 [main] INFO  org.springframework.boot.web.embedded.tomcat.TomcatWebServer(initialize:108) - Tomcat initialized with port(s): 8080 (http)
2022-02-06 00:12:19,210 [main] INFO  org.springframework.boot.web.servlet.context.ServletWebServerApplicationContext(prepareWebApplicationContext:290) - Root WebApplicationContext: initialization completed in 1140 ms
2022-02-06 00:12:19,881 [main] INFO  org.springframework.boot.autoconfigure.web.servlet.WelcomePageHandlerMapping(<init>:57) - Adding welcome page template: index
2022-02-06 00:12:20,110 [main] INFO  org.springframework.boot.web.embedded.tomcat.TomcatWebServer(start:220) - Tomcat started on port(s): 8080 (http) with context path ''
2022-02-06 00:12:20,121 [main] INFO  com.samsan.xcape.XcapeApplication(logStarted:61) - Started XcapeApplication in 2.503 seconds (JVM running for 3.369)
2022-02-06 00:12:34,143 [http-nio-8080-exec-1] INFO  org.springframework.web.servlet.DispatcherServlet(initServletBean:525) - Initializing Servlet 'dispatcherServlet'
2022-02-06 00:12:34,145 [http-nio-8080-exec-1] INFO  org.springframework.web.servlet.DispatcherServlet(initServletBean:547) - Completed initialization in 1 ms
2022-02-06 00:12:34,181 [http-nio-8080-exec-1] INFO  com.samsan.xcape.service.HintServiceImpl(getMerchantList:48) - >>> HintServiceImpl.getMerchantList > 
2022-02-06 00:12:34,708 [http-nio-8080-exec-1] INFO  com.samsan.xcape.service.HintServiceImpl(getThemeList:84) - >>> HintServiceImpl.getThemeList > 
2022-02-06 00:12:38,648 [http-nio-8080-exec-8] INFO  com.samsan.xcape.service.HintServiceImpl(getMerchantList:48) - >>> HintServiceImpl.getMerchantList > 
2022-02-06 00:12:38,658 [http-nio-8080-exec-8] INFO  com.samsan.xcape.service.HintServiceImpl(getThemeList:84) - >>> HintServiceImpl.getThemeList > 
2022-02-06 00:12:38,829 [http-nio-8080-exec-5] INFO  com.samsan.xcape.service.HintServiceImpl(getHintList:28) - >>> HintServiceImpl.getHintList >
2022-02-06 00:12:43,519 [http-nio-8080-exec-4] INFO  com.samsan.xcape.service.HintServiceImpl(getThemeList:84) - >>> HintServiceImpl.getThemeList > 
2022-02-06 00:12:43,549 [http-nio-8080-exec-6] INFO  com.samsan.xcape.service.HintServiceImpl(getHintList:28) - >>> HintServiceImpl.getHintList >
2022-02-06 00:12:47,499 [http-nio-8080-exec-7] INFO  com.samsan.xcape.service.HintServiceImpl(getThemeList:84) - >>> HintServiceImpl.getThemeList > 
2022-02-06 00:12:47,530 [http-nio-8080-exec-8] INFO  com.samsan.xcape.service.HintServiceImpl(getHintList:28) - >>> HintServiceImpl.getHintList >
2022-02-06 00:12:49,065 [http-nio-8080-exec-9] INFO  com.samsan.xcape.service.HintServiceImpl(getHintList:28) - >>> HintServiceImpl.getHintList >
2022-02-06 00:12:59,196 [http-nio-8080-exec-1] WARN  org.springframework.web.servlet.mvc.support.DefaultHandlerExceptionResolver(logException:207) - Resolved [org.springframework.web.HttpRequestMethodNotSupportedException: Request method 'POST' not supported]
2022-02-06 00:13:34,956 [http-nio-8080-exec-10] WARN  org.springframework.web.servlet.mvc.support.DefaultHandlerExceptionResolver(logException:207) - Resolved [org.springframework.web.HttpRequestMethodNotSupportedException: Request method 'POST' not supported]
2022-02-06 00:13:43,923 [http-nio-8080-exec-5] WARN  org.springframework.web.servlet.mvc.support.DefaultHandlerExceptionResolver(logException:207) - Resolved [org.springframework.web.HttpRequestMethodNotSupportedException: Request method 'POST' not supported]
2022-02-06 00:13:55,514 [http-nio-8080-exec-4] INFO  com.samsan.xcape.service.HintServiceImpl(getMerchantList:48) - >>> HintServiceImpl.getMerchantList > 
2022-02-06 00:13:55,536 [http-nio-8080-exec-4] INFO  com.samsan.xcape.service.HintServiceImpl(getThemeList:84) - >>> HintServiceImpl.getThemeList > 
2022-02-06 00:13:55,737 [http-nio-8080-exec-1] INFO  com.samsan.xcape.service.HintServiceImpl(getHintList:28) - >>> HintServiceImpl.getHintList >
2022-02-06 00:13:57,183 [http-nio-8080-exec-10] INFO  com.samsan.xcape.service.HintServiceImpl(getMerchantList:48) - >>> HintServiceImpl.getMerchantList > 
2022-02-06 00:13:57,205 [http-nio-8080-exec-10] INFO  com.samsan.xcape.service.HintServiceImpl(getThemeList:84) - >>> HintServiceImpl.getThemeList > 
2022-02-06 00:13:57,390 [http-nio-8080-exec-6] INFO  com.samsan.xcape.service.HintServiceImpl(getHintList:28) - >>> HintServiceImpl.getHintList >
2022-02-06 00:14:00,362 [http-nio-8080-exec-9] INFO  com.samsan.xcape.service.HintServiceImpl(getHintList:28) - >>> HintServiceImpl.getHintList >
2022-02-06 00:14:02,379 [http-nio-8080-exec-1] INFO  com.samsan.xcape.service.HintServiceImpl(modifyHintCode:134) - >>> HintServiceImpl.modifyHintCode > AAA13, 296
2022-02-06 00:14:05,675 [http-nio-8080-exec-1] INFO  com.samsan.xcape.service.HintServiceImpl(isKeyOverlap:107) - >>> HintServiceImpl.isKeyOverlap > AAA13
2022-02-06 00:17:26,730 [main] INFO  com.samsan.xcape.XcapeApplication(logStarting:55) - Starting XcapeApplication using Java 1.8.0_312 on earth.local with PID 1256 (/Users/kojoo112/Desktop/git/XCAPE_thymeleaf/Xcape/build/classes/java/main started by kojoo112 in /Users/kojoo112/Desktop/git/XCAPE_thymeleaf)
2022-02-06 00:17:26,739 [main] INFO  com.samsan.xcape.XcapeApplication(logStartupProfileInfo:659) - No active profile set, falling back to default profiles: default
2022-02-06 00:17:27,836 [main] INFO  org.springframework.boot.web.embedded.tomcat.TomcatWebServer(initialize:108) - Tomcat initialized with port(s): 8080 (http)
2022-02-06 00:17:27,921 [main] INFO  org.springframework.boot.web.servlet.context.ServletWebServerApplicationContext(prepareWebApplicationContext:290) - Root WebApplicationContext: initialization completed in 1134 ms
2022-02-06 00:17:28,524 [main] INFO  org.springframework.boot.autoconfigure.web.servlet.WelcomePageHandlerMapping(<init>:57) - Adding welcome page template: index
2022-02-06 00:17:28,743 [main] INFO  org.springframework.boot.web.embedded.tomcat.TomcatWebServer(start:220) - Tomcat started on port(s): 8080 (http) with context path ''
2022-02-06 00:17:28,760 [main] INFO  com.samsan.xcape.XcapeApplication(logStarted:61) - Started XcapeApplication in 2.377 seconds (JVM running for 3.404)
2022-02-06 00:17:37,305 [http-nio-8080-exec-1] INFO  org.springframework.web.servlet.DispatcherServlet(initServletBean:525) - Initializing Servlet 'dispatcherServlet'
2022-02-06 00:17:37,306 [http-nio-8080-exec-1] INFO  org.springframework.web.servlet.DispatcherServlet(initServletBean:547) - Completed initialization in 1 ms
2022-02-06 00:17:37,338 [http-nio-8080-exec-1] INFO  com.samsan.xcape.service.HintServiceImpl(getMerchantList:48) - >>> HintServiceImpl.getMerchantList > 
2022-02-06 00:17:37,802 [http-nio-8080-exec-1] INFO  com.samsan.xcape.service.HintServiceImpl(getThemeList:84) - >>> HintServiceImpl.getThemeList > 
2022-02-06 00:17:41,883 [http-nio-8080-exec-8] INFO  com.samsan.xcape.service.HintServiceImpl(getMerchantList:48) - >>> HintServiceImpl.getMerchantList > 
2022-02-06 00:17:41,892 [http-nio-8080-exec-8] INFO  com.samsan.xcape.service.HintServiceImpl(getThemeList:84) - >>> HintServiceImpl.getThemeList > 
2022-02-06 00:17:42,010 [http-nio-8080-exec-1] INFO  com.samsan.xcape.service.HintServiceImpl(getHintList:28) - >>> HintServiceImpl.getHintList >
2022-02-06 00:17:44,214 [http-nio-8080-exec-2] INFO  com.samsan.xcape.service.HintServiceImpl(getHintList:28) - >>> HintServiceImpl.getHintList >
2022-02-06 00:17:47,271 [http-nio-8080-exec-3] INFO  com.samsan.xcape.service.HintServiceImpl(modifyHintCode:134) - >>> HintServiceImpl.modifyHintCode > AAA13, 296
2022-02-06 00:17:50,286 [http-nio-8080-exec-3] INFO  com.samsan.xcape.service.HintServiceImpl(isKeyOverlap:107) - >>> HintServiceImpl.isKeyOverlap > AAA13
2022-02-06 00:20:52,231 [main] INFO  com.samsan.xcape.XcapeApplication(logStarting:55) - Starting XcapeApplication using Java 1.8.0_312 on earth.local with PID 1281 (/Users/kojoo112/Desktop/git/XCAPE_thymeleaf/Xcape/build/classes/java/main started by kojoo112 in /Users/kojoo112/Desktop/git/XCAPE_thymeleaf)
2022-02-06 00:20:52,265 [main] INFO  com.samsan.xcape.XcapeApplication(logStartupProfileInfo:659) - No active profile set, falling back to default profiles: default
2022-02-06 00:20:53,340 [main] INFO  org.springframework.boot.web.embedded.tomcat.TomcatWebServer(initialize:108) - Tomcat initialized with port(s): 8080 (http)
2022-02-06 00:20:53,415 [main] INFO  org.springframework.boot.web.servlet.context.ServletWebServerApplicationContext(prepareWebApplicationContext:290) - Root WebApplicationContext: initialization completed in 1109 ms
2022-02-06 00:20:54,021 [main] INFO  org.springframework.boot.autoconfigure.web.servlet.WelcomePageHandlerMapping(<init>:57) - Adding welcome page template: index
2022-02-06 00:20:54,212 [main] INFO  org.springframework.boot.web.embedded.tomcat.TomcatWebServer(start:220) - Tomcat started on port(s): 8080 (http) with context path ''
2022-02-06 00:20:54,222 [main] INFO  com.samsan.xcape.XcapeApplication(logStarted:61) - Started XcapeApplication in 2.387 seconds (JVM running for 3.267)
2022-02-06 00:20:54,566 [http-nio-8080-exec-1] INFO  org.springframework.web.servlet.DispatcherServlet(initServletBean:525) - Initializing Servlet 'dispatcherServlet'
2022-02-06 00:20:54,567 [http-nio-8080-exec-1] INFO  org.springframework.web.servlet.DispatcherServlet(initServletBean:547) - Completed initialization in 1 ms
2022-02-06 00:20:57,288 [http-nio-8080-exec-7] INFO  com.samsan.xcape.service.HintServiceImpl(getMerchantList:48) - >>> HintServiceImpl.getMerchantList > 
2022-02-06 00:20:57,295 [http-nio-8080-exec-7] INFO  com.samsan.xcape.service.HintServiceImpl(getThemeList:84) - >>> HintServiceImpl.getThemeList > 
2022-02-06 00:20:57,460 [http-nio-8080-exec-3] INFO  com.samsan.xcape.service.HintServiceImpl(getHintList:28) - >>> HintServiceImpl.getHintList >
2022-02-06 00:21:00,269 [http-nio-8080-exec-2] INFO  com.samsan.xcape.service.HintServiceImpl(getHintList:28) - >>> HintServiceImpl.getHintList >
2022-02-06 00:21:02,072 [http-nio-8080-exec-5] INFO  com.samsan.xcape.service.HintServiceImpl(modifyHintCode:134) - >>> HintServiceImpl.modifyHintCode > AAA13, 296
2022-02-06 00:21:05,291 [http-nio-8080-exec-5] INFO  com.samsan.xcape.service.HintServiceImpl(isKeyOverlap:107) - >>> HintServiceImpl.isKeyOverlap > AAA13
2022-02-06 00:22:23,991 [http-nio-8080-exec-8] INFO  com.samsan.xcape.service.HintServiceImpl(modifyHintCode:134) - >>> HintServiceImpl.modifyHintCode > AAA13, 296
2022-02-06 00:22:27,578 [http-nio-8080-exec-8] INFO  com.samsan.xcape.service.HintServiceImpl(isKeyOverlap:107) - >>> HintServiceImpl.isKeyOverlap > AAA13
2022-02-06 00:25:16,574 [http-nio-8080-exec-9] INFO  com.samsan.xcape.service.HintServiceImpl(getMerchantList:48) - >>> HintServiceImpl.getMerchantList > 
2022-02-06 00:25:16,590 [http-nio-8080-exec-9] INFO  com.samsan.xcape.service.HintServiceImpl(getThemeList:84) - >>> HintServiceImpl.getThemeList > 
2022-02-06 00:25:16,692 [http-nio-8080-exec-5] INFO  com.samsan.xcape.service.HintServiceImpl(getHintList:28) - >>> HintServiceImpl.getHintList >
2022-02-06 00:25:17,834 [http-nio-8080-exec-6] INFO  com.samsan.xcape.service.HintServiceImpl(getMerchantList:48) - >>> HintServiceImpl.getMerchantList > 
2022-02-06 00:25:17,853 [http-nio-8080-exec-6] INFO  com.samsan.xcape.service.HintServiceImpl(getThemeList:84) - >>> HintServiceImpl.getThemeList > 
2022-02-06 00:25:18,046 [http-nio-8080-exec-1] INFO  com.samsan.xcape.service.HintServiceImpl(getHintList:28) - >>> HintServiceImpl.getHintList >
2022-02-06 00:25:19,334 [http-nio-8080-exec-2] INFO  com.samsan.xcape.service.HintServiceImpl(getHintList:28) - >>> HintServiceImpl.getHintList >
2022-02-06 00:25:21,456 [http-nio-8080-exec-3] INFO  com.samsan.xcape.service.HintServiceImpl(modifyHintCode:134) - >>> HintServiceImpl.modifyHintCode > AAA13, 296
2022-02-06 00:25:21,457 [http-nio-8080-exec-3] INFO  com.samsan.xcape.service.HintServiceImpl(isKeyOverlap:107) - >>> HintServiceImpl.isKeyOverlap > AAA13
