2022-02-02 14:00:38,774 [main] INFO  com.samsan.xcape.XcapeApplication(logStarting:55) - Starting XcapeApplication using Java 1.8.0_312 on earth.local with PID 886 (/Users/kojoo112/Desktop/git/XCAPE_thymeleaf/Xcape/build/classes/java/main started by kojoo112 in /Users/kojoo112/Desktop/git/XCAPE_thymeleaf)
2022-02-02 14:00:38,791 [main] INFO  com.samsan.xcape.XcapeApplication(logStartupProfileInfo:659) - No active profile set, falling back to default profiles: default
2022-02-02 14:00:40,480 [main] INFO  org.springframework.boot.web.embedded.tomcat.TomcatWebServer(initialize:108) - Tomcat initialized with port(s): 8080 (http)
2022-02-02 14:00:40,580 [main] INFO  org.springframework.boot.web.servlet.context.ServletWebServerApplicationContext(prepareWebApplicationContext:290) - Root WebApplicationContext: initialization completed in 1727 ms
2022-02-02 14:00:41,433 [main] INFO  org.springframework.boot.autoconfigure.web.servlet.WelcomePageHandlerMapping(<init>:57) - Adding welcome page template: index
2022-02-02 14:00:41,716 [main] INFO  org.springframework.boot.web.embedded.tomcat.TomcatWebServer(start:220) - Tomcat started on port(s): 8080 (http) with context path ''
2022-02-02 14:00:41,730 [main] INFO  com.samsan.xcape.XcapeApplication(logStarted:61) - Started XcapeApplication in 3.499 seconds (JVM running for 5.568)
2022-02-02 14:00:43,783 [http-nio-8080-exec-1] INFO  org.springframework.web.servlet.DispatcherServlet(initServletBean:525) - Initializing Servlet 'dispatcherServlet'
2022-02-02 14:00:43,784 [http-nio-8080-exec-1] INFO  org.springframework.web.servlet.DispatcherServlet(initServletBean:547) - Completed initialization in 1 ms
2022-02-02 14:00:54,573 [http-nio-8080-exec-5] INFO  com.samsan.xcape.service.HintServiceImpl(getThemeList:51) - >>> HintServiceImpl.getThemeList > 
2022-02-02 14:00:59,991 [http-nio-8080-exec-10] INFO  com.samsan.xcape.service.HintServiceImpl(getThemeList:51) - >>> HintServiceImpl.getThemeList > 
2022-02-02 14:01:19,463 [http-nio-8080-exec-2] INFO  com.samsan.xcape.service.HintServiceImpl(getThemeList:51) - >>> HintServiceImpl.getThemeList > 
2022-02-02 14:01:36,025 [http-nio-8080-exec-5] INFO  com.samsan.xcape.service.HintServiceImpl(getThemeList:51) - >>> HintServiceImpl.getThemeList > 
2022-02-02 14:02:56,180 [http-nio-8080-exec-8] INFO  com.samsan.xcape.service.HintServiceImpl(getThemeList:51) - >>> HintServiceImpl.getThemeList > 
2022-02-02 14:18:03,309 [main] INFO  com.samsan.xcape.XcapeApplication(logStarting:55) - Starting XcapeApplication using Java 1.8.0_312 on earth.local with PID 1011 (/Users/kojoo112/Desktop/git/XCAPE_thymeleaf/Xcape/build/classes/java/main started by kojoo112 in /Users/kojoo112/Desktop/git/XCAPE_thymeleaf)
2022-02-02 14:18:03,318 [main] INFO  com.samsan.xcape.XcapeApplication(logStartupProfileInfo:659) - No active profile set, falling back to default profiles: default
2022-02-02 14:18:04,845 [main] INFO  org.springframework.boot.web.embedded.tomcat.TomcatWebServer(initialize:108) - Tomcat initialized with port(s): 8080 (http)
2022-02-02 14:18:04,942 [main] INFO  org.springframework.boot.web.servlet.context.ServletWebServerApplicationContext(prepareWebApplicationContext:290) - Root WebApplicationContext: initialization completed in 1549 ms
2022-02-02 14:18:05,631 [main] INFO  org.springframework.boot.autoconfigure.web.servlet.WelcomePageHandlerMapping(<init>:57) - Adding welcome page template: index
2022-02-02 14:18:05,895 [main] INFO  org.springframework.boot.web.embedded.tomcat.TomcatWebServer(start:220) - Tomcat started on port(s): 8080 (http) with context path ''
2022-02-02 14:18:05,908 [main] INFO  com.samsan.xcape.XcapeApplication(logStarted:61) - Started XcapeApplication in 3.104 seconds (JVM running for 4.032)
2022-02-02 14:18:35,240 [http-nio-8080-exec-1] INFO  org.springframework.web.servlet.DispatcherServlet(initServletBean:525) - Initializing Servlet 'dispatcherServlet'
2022-02-02 14:18:35,242 [http-nio-8080-exec-1] INFO  org.springframework.web.servlet.DispatcherServlet(initServletBean:547) - Completed initialization in 2 ms
2022-02-02 14:18:42,118 [http-nio-8080-exec-2] INFO  com.samsan.xcape.service.HintServiceImpl(getThemeList:63) - >>> HintServiceImpl.getThemeList > 
2022-02-02 14:18:42,659 [http-nio-8080-exec-3] INFO  com.samsan.xcape.service.HintServiceImpl(getHintList:28) - >>> HintServiceImpl.getHintList >
2022-02-02 14:19:24,483 [http-nio-8080-exec-4] INFO  com.samsan.xcape.service.HintServiceImpl(getThemeList:63) - >>> HintServiceImpl.getThemeList > 
2022-02-02 14:19:24,602 [http-nio-8080-exec-5] INFO  com.samsan.xcape.service.HintServiceImpl(getHintList:28) - >>> HintServiceImpl.getHintList >
2022-02-02 14:19:26,158 [http-nio-8080-exec-6] INFO  com.samsan.xcape.service.HintServiceImpl(getThemeList:63) - >>> HintServiceImpl.getThemeList > 
2022-02-02 14:19:26,244 [http-nio-8080-exec-7] INFO  com.samsan.xcape.service.HintServiceImpl(getHintList:28) - >>> HintServiceImpl.getHintList >
2022-02-02 14:19:27,249 [http-nio-8080-exec-8] INFO  com.samsan.xcape.service.HintServiceImpl(getThemeList:63) - >>> HintServiceImpl.getThemeList > 
2022-02-02 14:19:27,486 [http-nio-8080-exec-2] INFO  com.samsan.xcape.service.HintServiceImpl(getHintList:28) - >>> HintServiceImpl.getHintList >
2022-02-02 14:19:41,253 [http-nio-8080-exec-3] INFO  com.samsan.xcape.service.HintServiceImpl(getThemeList:63) - >>> HintServiceImpl.getThemeList > 
2022-02-02 14:19:41,465 [http-nio-8080-exec-6] INFO  com.samsan.xcape.service.HintServiceImpl(getHintList:28) - >>> HintServiceImpl.getHintList >
2022-02-02 14:19:53,943 [http-nio-8080-exec-7] INFO  com.samsan.xcape.service.HintServiceImpl(getThemeList:63) - >>> HintServiceImpl.getThemeList > 
2022-02-02 14:19:53,979 [http-nio-8080-exec-8] INFO  com.samsan.xcape.service.HintServiceImpl(getHintList:28) - >>> HintServiceImpl.getHintList >
