2022-01-07 17:03:43,833 [main] INFO  com.samsan.xcape.XcapeApplication(logStarting:55) - Starting XcapeApplication using Java 1.8.0_312 on earth.local with PID 6598 (/Users/kojoo112/Desktop/git/XCAPE_thymeleaf/Xcape/build/classes/java/main started by kojoo112 in /Users/kojoo112/Desktop/git/XCAPE_thymeleaf)
2022-01-07 17:03:43,854 [main] INFO  com.samsan.xcape.XcapeApplication(logStartupProfileInfo:659) - No active profile set, falling back to default profiles: default
2022-01-07 17:03:45,439 [main] INFO  org.springframework.boot.web.embedded.tomcat.TomcatWebServer(initialize:108) - Tomcat initialized with port(s): 8080 (http)
2022-01-07 17:03:45,541 [main] INFO  org.springframework.boot.web.servlet.context.ServletWebServerApplicationContext(prepareWebApplicationContext:290) - Root WebApplicationContext: initialization completed in 1612 ms
2022-01-07 17:03:46,122 [main] INFO  org.springframework.boot.autoconfigure.web.servlet.WelcomePageHandlerMapping(<init>:57) - Adding welcome page template: index
2022-01-07 17:03:46,327 [main] WARN  org.springframework.boot.web.servlet.context.AnnotationConfigServletWebServerApplicationContext(refresh:591) - Exception encountered during context initialization - cancelling refresh attempt: org.springframework.context.ApplicationContextException: Failed to start bean 'webServerStartStop'; nested exception is org.springframework.boot.web.server.PortInUseException: Port 8080 is already in use
2022-01-07 17:03:46,344 [main] INFO  org.springframework.boot.autoconfigure.logging.ConditionEvaluationReportLoggingListener(logMessage:136) - 

Error starting ApplicationContext. To display the conditions report re-run your application with 'debug' enabled.
2022-01-07 17:03:46,362 [main] ERROR org.springframework.boot.diagnostics.LoggingFailureAnalysisReporter(report:40) - 

***************************
APPLICATION FAILED TO START
***************************

Description:

Web server failed to start. Port 8080 was already in use.

Action:

Identify and stop the process that's listening on port 8080 or configure this application to listen on another port.

2022-01-07 17:04:46,004 [main] INFO  com.samsan.xcape.XcapeApplication(logStarting:55) - Starting XcapeApplication using Java 1.8.0_312 on earth.local with PID 6710 (/Users/kojoo112/Desktop/git/XCAPE_thymeleaf/Xcape/build/classes/java/main started by kojoo112 in /Users/kojoo112/Desktop/git/XCAPE_thymeleaf)
2022-01-07 17:04:46,011 [main] INFO  com.samsan.xcape.XcapeApplication(logStartupProfileInfo:659) - No active profile set, falling back to default profiles: default
2022-01-07 17:04:47,075 [main] INFO  org.springframework.boot.web.embedded.tomcat.TomcatWebServer(initialize:108) - Tomcat initialized with port(s): 8080 (http)
2022-01-07 17:04:47,158 [main] INFO  org.springframework.boot.web.servlet.context.ServletWebServerApplicationContext(prepareWebApplicationContext:290) - Root WebApplicationContext: initialization completed in 1084 ms
2022-01-07 17:04:47,685 [main] INFO  org.springframework.boot.autoconfigure.web.servlet.WelcomePageHandlerMapping(<init>:57) - Adding welcome page template: index
2022-01-07 17:04:47,894 [main] INFO  org.springframework.boot.web.embedded.tomcat.TomcatWebServer(start:220) - Tomcat started on port(s): 8080 (http) with context path ''
2022-01-07 17:04:47,905 [main] INFO  com.samsan.xcape.XcapeApplication(logStarted:61) - Started XcapeApplication in 2.253 seconds (JVM running for 3.246)
2022-01-07 17:04:51,677 [http-nio-8080-exec-1] INFO  org.springframework.web.servlet.DispatcherServlet(initServletBean:525) - Initializing Servlet 'dispatcherServlet'
2022-01-07 17:04:51,678 [http-nio-8080-exec-1] INFO  org.springframework.web.servlet.DispatcherServlet(initServletBean:547) - Completed initialization in 1 ms
