2022-02-01 22:26:59,129 [main] INFO  com.samsan.xcape.XcapeApplication(logStarting:55) - Starting XcapeApplication using Java 1.8.0_312 on earth.local with PID 7425 (/Users/kojoo112/Desktop/git/XCAPE_thymeleaf/Xcape/build/classes/java/main started by kojoo112 in /Users/kojoo112/Desktop/git/XCAPE_thymeleaf)
2022-02-01 22:26:59,144 [main] INFO  com.samsan.xcape.XcapeApplication(logStartupProfileInfo:659) - No active profile set, falling back to default profiles: default
2022-02-01 22:27:00,335 [main] INFO  org.springframework.boot.web.embedded.tomcat.TomcatWebServer(initialize:108) - Tomcat initialized with port(s): 8080 (http)
2022-02-01 22:27:00,409 [main] INFO  org.springframework.boot.web.servlet.context.ServletWebServerApplicationContext(prepareWebApplicationContext:290) - Root WebApplicationContext: initialization completed in 1222 ms
2022-02-01 22:27:01,032 [main] INFO  org.springframework.boot.autoconfigure.web.servlet.WelcomePageHandlerMapping(<init>:57) - Adding welcome page template: index
2022-02-01 22:27:01,286 [main] INFO  org.springframework.boot.web.embedded.tomcat.TomcatWebServer(start:220) - Tomcat started on port(s): 8080 (http) with context path ''
2022-02-01 22:27:01,298 [main] INFO  com.samsan.xcape.XcapeApplication(logStarted:61) - Started XcapeApplication in 2.632 seconds (JVM running for 3.568)
2022-02-01 22:27:19,328 [http-nio-8080-exec-1] INFO  org.springframework.web.servlet.DispatcherServlet(initServletBean:525) - Initializing Servlet 'dispatcherServlet'
2022-02-01 22:27:19,330 [http-nio-8080-exec-1] INFO  org.springframework.web.servlet.DispatcherServlet(initServletBean:547) - Completed initialization in 2 ms
2022-02-01 22:27:19,960 [http-nio-8080-exec-1] INFO  com.samsan.xcape.service.HintServiceImpl(getThemeList:48) - >>> HintServiceImpl.getThemeList > 
2022-02-01 22:27:25,553 [http-nio-8080-exec-3] INFO  com.samsan.xcape.service.HintServiceImpl(getThemeList:48) - >>> HintServiceImpl.getThemeList > 
2022-02-01 22:27:41,932 [http-nio-8080-exec-7] INFO  com.samsan.xcape.service.HintServiceImpl(getThemeList:48) - >>> HintServiceImpl.getThemeList > 
2022-02-01 22:28:25,777 [http-nio-8080-exec-9] INFO  com.samsan.xcape.service.HintServiceImpl(getThemeList:48) - >>> HintServiceImpl.getThemeList > 
2022-02-01 22:29:18,079 [http-nio-8080-exec-2] INFO  com.samsan.xcape.service.HintServiceImpl(getThemeList:48) - >>> HintServiceImpl.getThemeList > 
2022-02-01 22:29:41,880 [http-nio-8080-exec-4] INFO  com.samsan.xcape.service.HintServiceImpl(getThemeList:48) - >>> HintServiceImpl.getThemeList > 
2022-02-01 22:30:15,195 [http-nio-8080-exec-6] INFO  com.samsan.xcape.service.HintServiceImpl(getThemeList:48) - >>> HintServiceImpl.getThemeList > 
2022-02-01 22:38:26,941 [main] INFO  com.samsan.xcape.XcapeApplication(logStarting:55) - Starting XcapeApplication using Java 1.8.0_312 on earth.local with PID 7483 (/Users/kojoo112/Desktop/git/XCAPE_thymeleaf/Xcape/build/classes/java/main started by kojoo112 in /Users/kojoo112/Desktop/git/XCAPE_thymeleaf)
2022-02-01 22:38:26,994 [main] INFO  com.samsan.xcape.XcapeApplication(logStartupProfileInfo:659) - No active profile set, falling back to default profiles: default
2022-02-01 22:38:28,238 [main] INFO  org.springframework.boot.web.embedded.tomcat.TomcatWebServer(initialize:108) - Tomcat initialized with port(s): 8080 (http)
2022-02-01 22:38:28,307 [main] INFO  org.springframework.boot.web.servlet.context.ServletWebServerApplicationContext(prepareWebApplicationContext:290) - Root WebApplicationContext: initialization completed in 1262 ms
2022-02-01 22:38:28,939 [main] INFO  org.springframework.boot.autoconfigure.web.servlet.WelcomePageHandlerMapping(<init>:57) - Adding welcome page template: index
2022-02-01 22:38:29,150 [main] INFO  org.springframework.boot.web.embedded.tomcat.TomcatWebServer(start:220) - Tomcat started on port(s): 8080 (http) with context path ''
2022-02-01 22:38:29,163 [main] INFO  com.samsan.xcape.XcapeApplication(logStarted:61) - Started XcapeApplication in 2.65 seconds (JVM running for 3.78)
2022-02-01 22:38:53,564 [http-nio-8080-exec-1] INFO  org.springframework.web.servlet.DispatcherServlet(initServletBean:525) - Initializing Servlet 'dispatcherServlet'
2022-02-01 22:38:53,565 [http-nio-8080-exec-1] INFO  org.springframework.web.servlet.DispatcherServlet(initServletBean:547) - Completed initialization in 1 ms
2022-02-01 22:38:59,944 [http-nio-8080-exec-3] INFO  com.samsan.xcape.service.HintServiceImpl(getThemeList:48) - >>> HintServiceImpl.getThemeList > 
2022-02-01 22:39:28,060 [main] INFO  com.samsan.xcape.XcapeApplication(logStarting:55) - Starting XcapeApplication using Java 1.8.0_312 on earth.local with PID 7497 (/Users/kojoo112/Desktop/git/XCAPE_thymeleaf/Xcape/build/classes/java/main started by kojoo112 in /Users/kojoo112/Desktop/git/XCAPE_thymeleaf)
2022-02-01 22:39:28,068 [main] INFO  com.samsan.xcape.XcapeApplication(logStartupProfileInfo:659) - No active profile set, falling back to default profiles: default
2022-02-01 22:39:29,330 [main] INFO  org.springframework.boot.web.embedded.tomcat.TomcatWebServer(initialize:108) - Tomcat initialized with port(s): 8080 (http)
2022-02-01 22:39:29,396 [main] INFO  org.springframework.boot.web.servlet.context.ServletWebServerApplicationContext(prepareWebApplicationContext:290) - Root WebApplicationContext: initialization completed in 1241 ms
2022-02-01 22:39:30,016 [main] INFO  org.springframework.boot.autoconfigure.web.servlet.WelcomePageHandlerMapping(<init>:57) - Adding welcome page template: index
2022-02-01 22:39:30,247 [main] INFO  org.springframework.boot.web.embedded.tomcat.TomcatWebServer(start:220) - Tomcat started on port(s): 8080 (http) with context path ''
2022-02-01 22:39:30,260 [main] INFO  com.samsan.xcape.XcapeApplication(logStarted:61) - Started XcapeApplication in 2.552 seconds (JVM running for 3.434)
2022-02-01 22:39:40,033 [http-nio-8080-exec-1] INFO  org.springframework.web.servlet.DispatcherServlet(initServletBean:525) - Initializing Servlet 'dispatcherServlet'
2022-02-01 22:39:40,035 [http-nio-8080-exec-1] INFO  org.springframework.web.servlet.DispatcherServlet(initServletBean:547) - Completed initialization in 2 ms
2022-02-01 22:39:42,309 [http-nio-8080-exec-3] INFO  com.samsan.xcape.service.HintServiceImpl(getThemeList:48) - >>> HintServiceImpl.getThemeList > 
2022-02-01 22:41:50,111 [http-nio-8080-exec-7] INFO  com.samsan.xcape.service.HintServiceImpl(getThemeList:48) - >>> HintServiceImpl.getThemeList > 
2022-02-01 22:41:56,282 [http-nio-8080-exec-9] INFO  com.samsan.xcape.service.HintServiceImpl(getThemeList:48) - >>> HintServiceImpl.getThemeList > 
2022-02-01 22:42:03,495 [http-nio-8080-exec-1] INFO  com.samsan.xcape.service.HintServiceImpl(getThemeList:48) - >>> HintServiceImpl.getThemeList > 
